[2025-11-29T21:03:30.450] [DEBUG] debug-file - hvigor build process will be closed with an error.
[2025-11-29T21:03:30.450] [DEBUG] debug-file - ERROR: stacktrace = Error: ArkTS Compiler Error
[31m1 ERROR: [31m10505001 ArkTS Compiler Error
Error Message: Property 'value' does not exist on type 'TextAreaAttribute'. At File: D:/HuaweiMoveData/Users/18381/Desktop/HarmonyOS/final_project/List_commodity/entry/src/main/ets/pages/PendingReviewPage.ets:222:14
[39m
[39m
[31mCOMPILE RESULT:FAIL {ERROR:2 WARN:28}[39m
    at runArkPack (D:\DevEco Studio2\tools\hvigor\hvigor-ohos-plugin\node_modules\@ohos\hvigor-arkts-compose\dist\src\arkts-pack.js:1:5632)
ArkTSCompilerError: ArkTS Compiler Error
    at throwArkTsCompilerError (D:\DevEco Studio2\tools\hvigor\hvigor-ohos-plugin\node_modules\@ohos\hvigor-arkts-compose\dist\src\data\compose-error.js:1:423)
    at throwErrorIfHasErrorInfo (D:\DevEco Studio2\tools\hvigor\hvigor-ohos-plugin\node_modules\@ohos\hvigor-arkts-compose\dist\src\plugins\common-plugin.js:1:4478)
    at Object.handler (D:\DevEco Studio2\tools\hvigor\hvigor-ohos-plugin\node_modules\@ohos\hvigor-arkts-compose\dist\src\plugins\common-plugin.js:1:2547)
    at D:\DevEco Studio2\tools\hvigor\hvigor-ohos-plugin\node_modules\@ohos\hvigor-arkts-base\node_modules\rollup\dist\shared\rollup.js:27743:40
[2025-11-29T21:03:30.450] [ERROR] debug-file - Error: ArkTS Compiler Error
[31m1 ERROR: [31m10505001 ArkTS Compiler Error
Error Message: Property 'value' does not exist on type 'TextAreaAttribute'. At File: D:/HuaweiMoveData/Users/18381/Desktop/HarmonyOS/final_project/List_commodity/entry/src/main/ets/pages/PendingReviewPage.ets:222:14
[39m
[39m
[31mCOMPILE RESULT:FAIL {ERROR:2 WARN:28}[39m
    at runArkPack (D:\DevEco Studio2\tools\hvigor\hvigor-ohos-plugin\node_modules\@ohos\hvigor-arkts-compose\dist\src\arkts-pack.js:1:5632)
ArkTSCompilerError: ArkTS Compiler Error
    at throwArkTsCompilerError (D:\DevEco Studio2\tools\hvigor\hvigor-ohos-plugin\node_modules\@ohos\hvigor-arkts-compose\dist\src\data\compose-error.js:1:423)
    at throwErrorIfHasErrorInfo (D:\DevEco Studio2\tools\hvigor\hvigor-ohos-plugin\node_modules\@ohos\hvigor-arkts-compose\dist\src\plugins\common-plugin.js:1:4478)
    at Object.handler (D:\DevEco Studio2\tools\hvigor\hvigor-ohos-plugin\node_modules\@ohos\hvigor-arkts-compose\dist\src\plugins\common-plugin.js:1:2547)
    at D:\DevEco Studio2\tools\hvigor\hvigor-ohos-plugin\node_modules\@ohos\hvigor-arkts-base\node_modules\rollup\dist\shared\rollup.js:27743:40
[2025-11-29T21:03:30.462] [ERROR] debug-file - BUILD FAILED in 3 s 997 ms 
[2025-11-29T21:03:30.462] [DEBUG] debug-file - There is no need to refresh cache, since the incremental task entry:default@PreBuild is up-to-date.
[2025-11-29T21:03:30.462] [DEBUG] debug-file - Update task entry:default@CreateModuleInfo output file:D:\HuaweiMoveData\Users\18381\Desktop\HarmonyOS\final_project\List_commodity\entry\build\default\generated\profile\default\ModuleInfo.ts cache.
[2025-11-29T21:03:30.462] [DEBUG] debug-file - Incremental task entry:default@CreateModuleInfo post-execution cost:1 ms .
[2025-11-29T21:03:30.462] [DEBUG] debug-file - There is no need to refresh cache, since the incremental task entry:default@GenerateMetadata is up-to-date.
[2025-11-29T21:03:30.462] [DEBUG] debug-file - There is no need to refresh cache, since the incremental task entry:default@MergeProfile is up-to-date.
[2025-11-29T21:03:30.462] [DEBUG] debug-file - There is no need to refresh cache, since the incremental task entry:default@CreateBuildProfile is up-to-date.
[2025-11-29T21:03:30.462] [DEBUG] debug-file - Update task entry:default@GeneratePkgContextInfo output file:D:\HuaweiMoveData\Users\18381\Desktop\HarmonyOS\final_project\List_commodity\entry\build\default\intermediates\loader\default\pkgContextInfo.json cache.
[2025-11-29T21:03:30.463] [DEBUG] debug-file - Incremental task entry:default@GeneratePkgContextInfo post-execution cost:1 ms .
[2025-11-29T21:03:30.463] [DEBUG] debug-file - Update task entry:default@ProcessIntegratedHsp output file:D:\HuaweiMoveData\Users\18381\Desktop\HarmonyOS\final_project\List_commodity\build\cache\default\integrated_hsp\integratedHspCache.json cache.
[2025-11-29T21:03:30.463] [DEBUG] debug-file - Incremental task entry:default@ProcessIntegratedHsp post-execution cost:1 ms .
[2025-11-29T21:03:30.463] [DEBUG] debug-file - There is no need to refresh cache, since the incremental task entry:default@MakePackInfo is up-to-date.
[2025-11-29T21:03:30.463] [DEBUG] debug-file - Update task entry:default@SyscapTransform input file:D:\DevEco Studio2\sdk\default\openharmony\toolchains\syscap_tool.exe cache by regenerate.
[2025-11-29T21:03:30.463] [DEBUG] debug-file - Update task entry:default@SyscapTransform input file:D:\DevEco Studio2\sdk\default\openharmony\ets\api\device-define cache by regenerate.
[2025-11-29T21:03:30.465] [DEBUG] debug-file - Update task entry:default@SyscapTransform output file:D:\HuaweiMoveData\Users\18381\Desktop\HarmonyOS\final_project\List_commodity\entry\build\default\intermediates\syscap\default\rpcid.sc cache.
[2025-11-29T21:03:30.465] [DEBUG] debug-file - Incremental task entry:default@SyscapTransform post-execution cost:2 ms .
[2025-11-29T21:03:30.465] [DEBUG] debug-file - There is no need to refresh cache, since the incremental task entry:default@ProcessProfile is up-to-date.
[2025-11-29T21:03:30.465] [DEBUG] debug-file - There is no need to refresh cache, since the incremental task entry:default@ProcessRouterMap is up-to-date.
[2025-11-29T21:03:30.465] [DEBUG] debug-file - There is no need to refresh cache, since the incremental task entry:default@ProcessShareConfig is up-to-date.
[2025-11-29T21:03:30.465] [DEBUG] debug-file - Update task entry:default@ProcessStartupConfig output file:D:\HuaweiMoveData\Users\18381\Desktop\HarmonyOS\final_project\List_commodity\entry\build\default\intermediates\startup\default\startup_config.json cache.
[2025-11-29T21:03:30.465] [DEBUG] debug-file - Incremental task entry:default@ProcessStartupConfig post-execution cost:1 ms .
[2025-11-29T21:03:30.465] [DEBUG] debug-file - There is no need to refresh cache, since the incremental task entry:default@ProcessResource is up-to-date.
[2025-11-29T21:03:30.465] [DEBUG] debug-file - There is no need to refresh cache, since the incremental task entry:default@GenerateLoaderJson is up-to-date.
[2025-11-29T21:03:30.465] [DEBUG] debug-file - There is no need to refresh cache, since the incremental task entry:default@ProcessLibs is up-to-date.
[2025-11-29T21:03:30.465] [DEBUG] debug-file - There is no need to refresh cache, since the incremental task entry:default@CompileResource is up-to-date.
[2025-11-29T21:03:30.466] [DEBUG] debug-file - There is no need to refresh cache, since the incremental task entry:default@DoNativeStrip is up-to-date.
[2025-11-29T21:03:30.467] [DEBUG] debug-file - Update task entry:default@CompileArkTS input file:D:\HuaweiMoveData\Users\18381\Desktop\HarmonyOS\final_project\List_commodity\entry\build\default\intermediates\loader\default cache by regenerate.
[2025-11-29T21:03:30.467] [DEBUG] debug-file - Update task entry:default@CompileArkTS input file:D:\HuaweiMoveData\Users\18381\Desktop\HarmonyOS\final_project\List_commodity\entry\build\default\intermediates\res\default\ResourceTable.txt cache by regenerate.
[2025-11-29T21:03:30.468] [DEBUG] debug-file - Update task entry:default@CompileArkTS input file:D:\HuaweiMoveData\Users\18381\Desktop\HarmonyOS\final_project\List_commodity\entry\build\default\intermediates\res\default\ark_module.json cache by regenerate.
[2025-11-29T21:03:30.468] [DEBUG] debug-file - Update task entry:default@CompileArkTS input file:D:\HuaweiMoveData\Users\18381\Desktop\HarmonyOS\final_project\List_commodity\entry\build\default\intermediates\res\default\resources\base\profile cache by regenerate.
[2025-11-29T21:03:30.468] [DEBUG] debug-file - Update task entry:default@CompileArkTS input file:D:\HuaweiMoveData\Users\18381\Desktop\HarmonyOS\final_project\List_commodity\entry\src\main\ets cache by regenerate.
[2025-11-29T21:03:30.474] [DEBUG] debug-file - Update task entry:default@CompileArkTS input file:D:\HuaweiMoveData\Users\18381\Desktop\HarmonyOS\final_project\List_commodity\entry\build\default\generated\profile\default\BuildProfile.ets cache by regenerate.
[2025-11-29T21:03:30.475] [DEBUG] debug-file - Update task entry:default@CompileArkTS output file:D:\HuaweiMoveData\Users\18381\Desktop\HarmonyOS\final_project\List_commodity\entry\build\default\intermediates\loader_out\default\ets cache.
[2025-11-29T21:03:30.475] [DEBUG] debug-file - Incremental task entry:default@CompileArkTS post-execution cost:10 ms .
[2025-11-29T21:03:30.476] [DEBUG] debug-file - Update task entry:default@BuildJS input file:D:\HuaweiMoveData\Users\18381\Desktop\HarmonyOS\final_project\List_commodity\entry\build\default\intermediates\loader\default cache by regenerate.
[2025-11-29T21:03:30.477] [DEBUG] debug-file - Update task entry:default@BuildJS input file:D:\HuaweiMoveData\Users\18381\Desktop\HarmonyOS\final_project\List_commodity\entry\build\default\intermediates\res\default\ResourceTable.txt cache by regenerate.
[2025-11-29T21:03:30.477] [DEBUG] debug-file - Update task entry:default@BuildJS input file:D:\HuaweiMoveData\Users\18381\Desktop\HarmonyOS\final_project\List_commodity\entry\build\default\intermediates\res\default\ark_module.json cache by regenerate.
[2025-11-29T21:03:30.477] [DEBUG] debug-file - Update task entry:default@BuildJS input file:D:\HuaweiMoveData\Users\18381\Desktop\HarmonyOS\final_project\List_commodity\entry\build\default\intermediates\res\default\resources\base\profile cache by regenerate.
[2025-11-29T21:03:30.478] [DEBUG] debug-file - Update task entry:default@BuildJS output file:D:\HuaweiMoveData\Users\18381\Desktop\HarmonyOS\final_project\List_commodity\entry\build\default\intermediates\loader_out\default\js cache.
[2025-11-29T21:03:30.478] [DEBUG] debug-file - Incremental task entry:default@BuildJS post-execution cost:3 ms .
[2025-11-29T21:03:30.478] [DEBUG] debug-file - There is no need to refresh cache, since the incremental task entry:default@CacheNativeLibs is up-to-date.
[2025-11-29T21:03:30.503] [DEBUG] debug-file - Cleanup worker 14.
[2025-11-29T21:03:30.503] [DEBUG] debug-file - Worker 14 has been cleaned up.
[2025-11-29T21:03:30.503] [DEBUG] debug-file - Current idle worker size: 1.
[2025-11-29T21:03:30.503] [DEBUG] debug-file - Current resident worker size: 2.
[2025-11-29T21:03:30.504] [DEBUG] debug-file - hvigor build process will be closed.
[2025-11-29T21:03:30.512] [DEBUG] debug-file - session manager: send message to worker process.
[2025-11-29T21:03:30.513] [DEBUG] debug-file - session manager: send message to worker process.
[2025-11-29T21:03:30.513] [DEBUG] debug-file - watch worker: worker id should be larger than 0. Nothing will be sent to any worker thread.
[2025-11-29T21:03:30.514] [DEBUG] debug-file - watch worker: worker id should be larger than 0. Nothing will be sent to any worker thread.
[2025-11-29T21:03:30.517] [DEBUG] debug-file - worker[14] exits with exit code 1.
[2025-11-29T21:12:02.523] [DEBUG] debug-file - session manager: set active socket. socketId=EoEw0fdqtZMSCVHFAAAv
[2025-11-29T21:12:02.549] [DEBUG] debug-file - watch worker: worker id should be larger than 0. Nothing will be sent to any worker thread.
[2025-11-29T21:12:02.563] [DEBUG] debug-file - Hvigor init with startParameters:{
  hvigorfileTypeCheck: false,
  parallelExecution: true,
  incrementalExecution: true,
  printStackTrace: false,
  daemon: true,
  analyze: 0,
  logLevel: Level { level: 20000, levelStr: 'INFO', colour: 'green' },
  optimizationStrategy: 'memory',
  hotCompile: undefined,
  hotReloadBuild: undefined
}
[2025-11-29T21:12:02.571] [DEBUG] debug-file - Cache service initialization finished in 8 ms 
[2025-11-29T21:12:02.573] [DEBUG] debug-file - hvigorfile, resolving D:\HuaweiMoveData\Users\18381\Desktop\HarmonyOS\final_project\List_commodity\hvigorfile.ts
[2025-11-29T21:12:02.585] [DEBUG] debug-file - hvigorfile, require result:  {}
[2025-11-29T21:12:02.586] [DEBUG] debug-file - hvigorfile, binding system plugins {}
[2025-11-29T21:12:02.596] [DEBUG] debug-file - Start initialize project's product build option map with build mode debug.
[2025-11-29T21:12:02.596] [DEBUG] debug-file - Picking option from product 'default' with build mode 'debug'.
[2025-11-29T21:12:02.596] [DEBUG] debug-file - Product 'default' build option initialized
[2025-11-29T21:12:02.598] [DEBUG] debug-file - End initialize project's product build option map with build mode 'debug'.
[2025-11-29T21:12:02.600] [DEBUG] debug-file - Obtain build option for product 'default'in this build.
[2025-11-29T21:12:02.602] [DEBUG] debug-file - No signingConfig found, initRemoteHspCache failed.
[2025-11-29T21:12:02.609] [DEBUG] debug-file - Start recording SDK configuration permission data.
[2025-11-29T21:12:02.642] [DEBUG] debug-file - Sdk init in 39 ms 
[2025-11-29T21:12:02.646] [DEBUG] debug-file - Project task initialization takes 4 ms 
[2025-11-29T21:12:02.647] [DEBUG] debug-file - hvigorfile, resolve finished D:\HuaweiMoveData\Users\18381\Desktop\HarmonyOS\final_project\List_commodity\hvigorfile.ts
[2025-11-29T21:12:02.648] [DEBUG] debug-file - hvigorfile, resolving D:\HuaweiMoveData\Users\18381\Desktop\HarmonyOS\final_project\List_commodity\entry\hvigorfile.ts
[2025-11-29T21:12:02.651] [DEBUG] debug-file - hvigorfile, require result:  {}
[2025-11-29T21:12:02.651] [DEBUG] debug-file - hvigorfile, binding system plugins {}
[2025-11-29T21:12:02.653] [DEBUG] debug-file - failed to load cangjie to dynamically generate schemas: Error: Cannot find module '@ohos/cangjie-build-support/index'
Require stack:
- D:\DevEco Studio2\tools\hvigor\hvigor-ohos-plugin\src\plugin\factory\plugin-factory.js
- D:\DevEco Studio2\tools\hvigor\hvigor-ohos-plugin\index.js
- D:\HuaweiMoveData\Users\18381\Desktop\HarmonyOS\final_project\List_commodity\hvigorfile.ts
- D:\DevEco Studio2\tools\hvigor\hvigor\src\base\internal\lifecycle\configuration.js
- D:\DevEco Studio2\tools\hvigor\hvigor\src\base\boot\index.js
- D:\DevEco Studio2\tools\hvigor\hvigor\src\base\daemon\cluster\worker-process-lifecycle.js
- D:\DevEco Studio2\tools\hvigor\hvigor\src\base\daemon\process\daemon-process-boot-script.js
[2025-11-29T21:12:02.656] [DEBUG] debug-file - Start initialize module-target build option map, moduleName=entry, buildMode=release
[2025-11-29T21:12:02.656] [DEBUG] debug-file - Target 'default' config initialized
[2025-11-29T21:12:02.656] [DEBUG] debug-file - Module 'entry' target 'default' build option initialized
[2025-11-29T21:12:02.656] [DEBUG] debug-file - End initialize module-target build option map, moduleName=entry
[2025-11-29T21:12:02.656] [DEBUG] debug-file - Start initialize module-target build option map, moduleName=entry, buildMode=debug
[2025-11-29T21:12:02.656] [DEBUG] debug-file - Target 'default' config initialized
[2025-11-29T21:12:02.656] [DEBUG] debug-file - Module 'entry' target 'default' build option initialized
[2025-11-29T21:12:02.656] [DEBUG] debug-file - End initialize module-target build option map, moduleName=entry
[2025-11-29T21:12:02.658] [DEBUG] debug-file - Start initialize module-target build option map, moduleName=entry, buildMode=debug
[2025-11-29T21:12:02.658] [DEBUG] debug-file - Target 'default' config initialized
[2025-11-29T21:12:02.659] [DEBUG] debug-file - Module 'entry' target 'default' build option initialized
[2025-11-29T21:12:02.659] [DEBUG] debug-file - End initialize module-target build option map, moduleName=entry
[2025-11-29T21:12:02.659] [DEBUG] debug-file - Obtain build option for module 'entry' target 'default'in this build.
[2025-11-29T21:12:02.661] [DEBUG] debug-file - Module entry task initialization takes 2 ms 
[2025-11-29T21:12:02.661] [DEBUG] debug-file - hvigorfile, resolve finished D:\HuaweiMoveData\Users\18381\Desktop\HarmonyOS\final_project\List_commodity\entry\hvigorfile.ts
[2025-11-29T21:12:02.689] [DEBUG] debug-file - hvigorfile, resolve hvigorfile dependencies in 28 ms 
[2025-11-29T21:12:02.689] [DEBUG] debug-file - project has submodules:entry
[2025-11-29T21:12:02.691] [DEBUG] debug-file - start to load updatedOhPackageInfo to the disk
[2025-11-29T21:12:02.697] [DEBUG] debug-file - load to the disk finished
[2025-11-29T21:12:02.700] [DEBUG] debug-file - Start to initialize dependency information.
[2025-11-29T21:12:02.703] [DEBUG] debug-file - Module List_commodity Collected Dependency: 
[2025-11-29T21:12:02.703] [DEBUG] debug-file - Module List_commodity's total dependency: 0
[2025-11-29T21:12:02.704] [DEBUG] debug-file - Start to initialize dependency information.
[2025-11-29T21:12:02.710] [DEBUG] debug-file - Module entry Collected Dependency: 
[2025-11-29T21:12:02.711] [DEBUG] debug-file - Module entry's total dependency: 0
[2025-11-29T21:12:02.717] [DEBUG] debug-file - Configuration phase cost:146 ms 
[2025-11-29T21:12:02.719] [DEBUG] debug-file - Configuration task cost before running: 162 ms 
[2025-11-29T21:12:02.731] [DEBUG] debug-file - Executing task :entry:default@PreBuild
[2025-11-29T21:12:02.732] [DEBUG] debug-file - Task 'entry:default@PreBuild' cost while wrapping incremental declarations: 1 ms 
[2025-11-29T21:12:02.757] [DEBUG] debug-file - Incremental task entry:default@PreBuild pre-execution cost: 16 ms .
[2025-11-29T21:12:02.757] [DEBUG] debug-file - entry : default@PreBuild cost memory -1.4831008911132812
[2025-11-29T21:12:02.763] [INFO] debug-file - UP-TO-DATE :entry:default@PreBuild...  
[2025-11-29T21:12:02.764] [DEBUG] debug-file - Executing task :entry:default@CreateModuleInfo
[2025-11-29T21:12:02.764] [DEBUG] debug-file - Task 'entry:default@CreateModuleInfo' cost while wrapping incremental declarations: 1 ms 
[2025-11-29T21:12:02.765] [DEBUG] debug-file - entry : default@CreateModuleInfo cost memory 0.04013824462890625
[2025-11-29T21:12:02.766] [DEBUG] debug-file - runTaskFromQueue task cost before running: 208 ms 
[2025-11-29T21:12:02.766] [INFO] debug-file - Finished :entry:default@CreateModuleInfo... after 2 ms 
[2025-11-29T21:12:02.768] [DEBUG] debug-file - Executing task :entry:default@GenerateMetadata
[2025-11-29T21:12:02.769] [DEBUG] debug-file - Task 'entry:default@GenerateMetadata' cost while wrapping incremental declarations: 1 ms 
[2025-11-29T21:12:02.771] [DEBUG] debug-file - Incremental task entry:default@GenerateMetadata pre-execution cost: 2 ms .
[2025-11-29T21:12:02.771] [DEBUG] debug-file - entry : default@GenerateMetadata cost memory 0.09293365478515625
[2025-11-29T21:12:02.772] [INFO] debug-file - UP-TO-DATE :entry:default@GenerateMetadata...  
[2025-11-29T21:12:02.773] [DEBUG] debug-file - Executing task :entry:default@ConfigureCmake
[2025-11-29T21:12:02.774] [DEBUG] debug-file - entry : default@ConfigureCmake cost memory 0.017303466796875
[2025-11-29T21:12:02.774] [DEBUG] debug-file - runTaskFromQueue task cost before running: 217 ms 
[2025-11-29T21:12:02.774] [INFO] debug-file - Finished :entry:default@ConfigureCmake... after 1 ms 
[2025-11-29T21:12:02.776] [DEBUG] debug-file - Executing task :entry:default@MergeProfile
[2025-11-29T21:12:02.776] [DEBUG] debug-file - Task 'entry:default@MergeProfile' cost while wrapping incremental declarations: 1 ms 
[2025-11-29T21:12:02.782] [DEBUG] debug-file - Incremental task entry:default@MergeProfile pre-execution cost: 6 ms .
[2025-11-29T21:12:02.782] [DEBUG] debug-file - entry : default@MergeProfile cost memory 0.1248626708984375
[2025-11-29T21:12:02.783] [INFO] debug-file - UP-TO-DATE :entry:default@MergeProfile...  
[2025-11-29T21:12:02.785] [DEBUG] debug-file - Executing task :entry:default@CreateBuildProfile
[2025-11-29T21:12:02.786] [DEBUG] debug-file - Task 'entry:default@CreateBuildProfile' cost while wrapping incremental declarations: 1 ms 
[2025-11-29T21:12:02.790] [DEBUG] debug-file - Incremental task entry:default@CreateBuildProfile pre-execution cost: 4 ms .
[2025-11-29T21:12:02.791] [DEBUG] debug-file - entry : default@CreateBuildProfile cost memory 0.1008453369140625
[2025-11-29T21:12:02.791] [INFO] debug-file - UP-TO-DATE :entry:default@CreateBuildProfile...  
[2025-11-29T21:12:02.793] [DEBUG] debug-file - Executing task :entry:default@PreCheckSyscap
[2025-11-29T21:12:02.794] [DEBUG] debug-file - entry : default@PreCheckSyscap cost memory 0.015472412109375
[2025-11-29T21:12:02.794] [DEBUG] debug-file - runTaskFromQueue task cost before running: 237 ms 
[2025-11-29T21:12:02.794] [INFO] debug-file - Finished :entry:default@PreCheckSyscap... after 1 ms 
[2025-11-29T21:12:02.797] [DEBUG] debug-file - Executing task :entry:default@GeneratePkgContextInfo
[2025-11-29T21:12:02.805] [DEBUG] debug-file - Task 'entry:default@GeneratePkgContextInfo' cost while wrapping incremental declarations: 1 ms 
[2025-11-29T21:12:02.806] [DEBUG] debug-file - entry : default@GeneratePkgContextInfo cost memory 0.19483184814453125
[2025-11-29T21:12:02.806] [DEBUG] debug-file - runTaskFromQueue task cost before running: 249 ms 
[2025-11-29T21:12:02.807] [INFO] debug-file - Finished :entry:default@GeneratePkgContextInfo... after 10 ms 
[2025-11-29T21:12:02.816] [DEBUG] debug-file - Executing task :entry:default@ProcessIntegratedHsp
[2025-11-29T21:12:02.817] [DEBUG] debug-file - entry:default@ProcessIntegratedHsp is not up-to-date, since the output file 'D:\HuaweiMoveData\Users\18381\Desktop\HarmonyOS\final_project\List_commodity\build\cache\default\integrated_hsp\integratedHspCache.json' does not exist.
[2025-11-29T21:12:02.817] [DEBUG] debug-file - Incremental task entry:default@ProcessIntegratedHsp pre-execution cost: 1 ms .
[2025-11-29T21:12:02.817] [DEBUG] debug-file - entry : default@ProcessIntegratedHsp cost memory 0.06581878662109375
[2025-11-29T21:12:02.817] [DEBUG] debug-file - runTaskFromQueue task cost before running: 260 ms 
[2025-11-29T21:12:02.819] [INFO] debug-file - Finished :entry:default@ProcessIntegratedHsp... after 2 ms 
[2025-11-29T21:12:02.822] [DEBUG] debug-file - Executing task :entry:default@BuildNativeWithCmake
[2025-11-29T21:12:02.822] [DEBUG] debug-file - entry : default@BuildNativeWithCmake cost memory 0.01629638671875
[2025-11-29T21:12:02.822] [DEBUG] debug-file - runTaskFromQueue task cost before running: 265 ms 
[2025-11-29T21:12:02.822] [INFO] debug-file - Finished :entry:default@BuildNativeWithCmake... after 1 ms 
[2025-11-29T21:12:02.825] [DEBUG] debug-file - Executing task :entry:default@MakePackInfo
[2025-11-29T21:12:02.830] [DEBUG] debug-file - Incremental task entry:default@MakePackInfo pre-execution cost: 5 ms .
[2025-11-29T21:12:02.830] [DEBUG] debug-file - entry : default@MakePackInfo cost memory 0.109649658203125
[2025-11-29T21:12:02.831] [INFO] debug-file - UP-TO-DATE :entry:default@MakePackInfo...  
[2025-11-29T21:12:02.834] [DEBUG] debug-file - Executing task :entry:default@SyscapTransform
[2025-11-29T21:12:02.834] [DEBUG] debug-file - File: 'D:\HuaweiMoveData\Users\18381\Desktop\HarmonyOS\final_project\List_commodity\entry\src\main\syscap.json' from 'sysCapJsonPath' is not exists, just ignore.
[2025-11-29T21:12:02.836] [DEBUG] debug-file - Task 'entry:default@SyscapTransform' cost while wrapping incremental declarations: 2 ms 
[2025-11-29T21:12:02.842] [DEBUG] debug-file - entry:default@SyscapTransform is not up-to-date, since the output file 'D:\HuaweiMoveData\Users\18381\Desktop\HarmonyOS\final_project\List_commodity\entry\build\default\intermediates\syscap\default\rpcid.sc' does not exist.
[2025-11-29T21:12:02.842] [DEBUG] debug-file - Incremental task entry:default@SyscapTransform pre-execution cost: 7 ms .
[2025-11-29T21:12:02.843] [DEBUG] debug-file - entry : default@SyscapTransform cost memory 0.14458465576171875
[2025-11-29T21:12:02.843] [DEBUG] debug-file - runTaskFromQueue task cost before running: 286 ms 
[2025-11-29T21:12:02.843] [INFO] debug-file - Finished :entry:default@SyscapTransform... after 9 ms 
[2025-11-29T21:12:02.848] [DEBUG] debug-file - Executing task :entry:default@ProcessProfile
[2025-11-29T21:12:02.851] [DEBUG] debug-file - Task 'entry:default@ProcessProfile' cost while wrapping incremental declarations: 1 ms 
[2025-11-29T21:12:02.853] [DEBUG] debug-file - Incremental task entry:default@ProcessProfile pre-execution cost: 2 ms .
[2025-11-29T21:12:02.854] [DEBUG] debug-file - entry : default@ProcessProfile cost memory 0.1279296875
[2025-11-29T21:12:02.854] [INFO] debug-file - UP-TO-DATE :entry:default@ProcessProfile...  
[2025-11-29T21:12:02.857] [DEBUG] debug-file - Executing task :entry:default@ProcessRouterMap
[2025-11-29T21:12:02.867] [DEBUG] debug-file - Incremental task entry:default@ProcessRouterMap pre-execution cost: 10 ms .
[2025-11-29T21:12:02.869] [DEBUG] debug-file - entry : default@ProcessRouterMap cost memory 0.1432037353515625
[2025-11-29T21:12:02.870] [INFO] debug-file - UP-TO-DATE :entry:default@ProcessRouterMap...  
[2025-11-29T21:12:02.874] [DEBUG] debug-file - Executing task :entry:default@ProcessShareConfig
[2025-11-29T21:12:02.883] [DEBUG] debug-file - Incremental task entry:default@ProcessShareConfig pre-execution cost: 8 ms .
[2025-11-29T21:12:02.883] [DEBUG] debug-file - entry : default@ProcessShareConfig cost memory 0.1389617919921875
[2025-11-29T21:12:02.884] [INFO] debug-file - UP-TO-DATE :entry:default@ProcessShareConfig...  
[2025-11-29T21:12:02.886] [DEBUG] debug-file - Executing task :entry:default@ProcessStartupConfig
[2025-11-29T21:12:02.887] [DEBUG] debug-file - Task 'entry:default@ProcessStartupConfig' cost while wrapping incremental declarations: 1 ms 
[2025-11-29T21:12:02.888] [DEBUG] debug-file - entry:default@ProcessStartupConfig is not up-to-date, since the output file 'D:\HuaweiMoveData\Users\18381\Desktop\HarmonyOS\final_project\List_commodity\entry\build\default\intermediates\startup\default\startup_config.json' does not exist.
[2025-11-29T21:12:02.888] [DEBUG] debug-file - Incremental task entry:default@ProcessStartupConfig pre-execution cost: 1 ms .
[2025-11-29T21:12:02.889] [DEBUG] debug-file - entry : default@ProcessStartupConfig cost memory 0.113250732421875
[2025-11-29T21:12:02.889] [DEBUG] debug-file - runTaskFromQueue task cost before running: 332 ms 
[2025-11-29T21:12:02.890] [INFO] debug-file - Finished :entry:default@ProcessStartupConfig... after 3 ms 
[2025-11-29T21:12:02.895] [DEBUG] debug-file - Executing task :entry:default@BuildNativeWithNinja
[2025-11-29T21:12:02.896] [DEBUG] debug-file - entry : default@BuildNativeWithNinja cost memory 0.02530670166015625
[2025-11-29T21:12:02.896] [DEBUG] debug-file - runTaskFromQueue task cost before running: 339 ms 
[2025-11-29T21:12:02.896] [INFO] debug-file - Finished :entry:default@BuildNativeWithNinja... after 1 ms 
[2025-11-29T21:12:02.900] [DEBUG] debug-file - restool module names: entry; moduleName=entry, taskName=default@ProcessResource
[2025-11-29T21:12:02.903] [DEBUG] debug-file - Executing task :entry:default@ProcessResource
[2025-11-29T21:12:02.903] [DEBUG] debug-file - Task 'entry:default@ProcessResource' cost while wrapping incremental declarations: 1 ms 
[2025-11-29T21:12:02.906] [DEBUG] debug-file - Incremental task entry:default@ProcessResource pre-execution cost: 3 ms .
[2025-11-29T21:12:02.906] [DEBUG] debug-file - entry : default@ProcessResource cost memory 0.1569366455078125
[2025-11-29T21:12:02.913] [INFO] debug-file - UP-TO-DATE :entry:default@ProcessResource...  
[2025-11-29T21:12:02.920] [DEBUG] debug-file - Executing task :entry:default@GenerateLoaderJson
[2025-11-29T21:12:02.921] [DEBUG] debug-file - Task 'entry:default@GenerateLoaderJson' cost while wrapping incremental declarations: 1 ms 
[2025-11-29T21:12:02.947] [DEBUG] debug-file - Incremental task entry:default@GenerateLoaderJson pre-execution cost: 15 ms .
[2025-11-29T21:12:02.947] [DEBUG] debug-file - entry : default@GenerateLoaderJson cost memory 0.568634033203125
[2025-11-29T21:12:02.956] [INFO] debug-file - UP-TO-DATE :entry:default@GenerateLoaderJson...  
[2025-11-29T21:12:02.958] [DEBUG] debug-file - Executing task :entry:default@ProcessLibs
[2025-11-29T21:12:02.965] [DEBUG] debug-file - Incremental task entry:default@ProcessLibs pre-execution cost: 5 ms .
[2025-11-29T21:12:02.965] [DEBUG] debug-file - entry : default@ProcessLibs cost memory 0.11812591552734375
[2025-11-29T21:12:02.967] [INFO] debug-file - UP-TO-DATE :entry:default@ProcessLibs...  
[2025-11-29T21:12:02.970] [DEBUG] debug-file - restool module names: entry; moduleName=entry, taskName=default@CompileResource
[2025-11-29T21:12:02.973] [DEBUG] debug-file - Executing task :entry:default@CompileResource
[2025-11-29T21:12:03.030] [DEBUG] debug-file - Incremental task entry:default@CompileResource pre-execution cost: 55 ms .
[2025-11-29T21:12:03.030] [DEBUG] debug-file - entry : default@CompileResource cost memory 1.0369186401367188
[2025-11-29T21:12:03.035] [INFO] debug-file - UP-TO-DATE :entry:default@CompileResource...  
[2025-11-29T21:12:03.038] [DEBUG] debug-file - Executing task :entry:default@DoNativeStrip
[2025-11-29T21:12:03.039] [DEBUG] debug-file - Task 'entry:default@DoNativeStrip' cost while wrapping incremental declarations: 1 ms 
[2025-11-29T21:12:03.042] [DEBUG] debug-file - Incremental task entry:default@DoNativeStrip pre-execution cost: 3 ms .
[2025-11-29T21:12:03.043] [DEBUG] debug-file - entry : default@DoNativeStrip cost memory 0.0922088623046875
[2025-11-29T21:12:03.043] [INFO] debug-file - UP-TO-DATE :entry:default@DoNativeStrip...  
[2025-11-29T21:12:03.050] [DEBUG] debug-file - Executing task :entry:default@CompileArkTS
[2025-11-29T21:12:03.051] [DEBUG] debug-file - obfuscationOptions: undefined
[2025-11-29T21:12:03.092] [DEBUG] debug-file - build config:
[2025-11-29T21:12:03.093] [DEBUG] debug-file - {
  moduleType: 'entry',
  perf: 0,
  targetName: '.default',
  packageManagerType: 'ohpm',
  localPropertiesPath: 'D:\\HuaweiMoveData\\Users\\18381\\Desktop\\HarmonyOS\\final_project\\List_commodity\\local.properties',
  isPreview: false,
  isOhosTest: false,
  isLocalTest: false,
  buildMode: 'Debug',
  hotReloadBuild: undefined,
  watchMode: 'false',
  aceProfilePath: 'D:\\HuaweiMoveData\\Users\\18381\\Desktop\\HarmonyOS\\final_project\\List_commodity\\entry\\build\\default\\intermediates\\res\\default\\resources\\base\\profile',
  etsLoaderPath: 'D:\\DevEco Studio2\\sdk\\default\\openharmony\\ets\\build-tools\\ets-loader',
  modulePath: 'D:\\HuaweiMoveData\\Users\\18381\\Desktop\\HarmonyOS\\final_project\\List_commodity\\entry',
  testFrameworkPar: {
    testMode: undefined,
    coveragePathFilter: undefined,
    coverageMode: undefined
  },
  needCoverageInsert: false,
  debugLine: false,
  projectTopDir: 'D:\\HuaweiMoveData\\Users\\18381\\Desktop\\HarmonyOS\\final_project\\List_commodity',
  compileSdkVersion: 20,
  compatibleSdkVersion: 17,
  compatibleSdkVersionStage: undefined,
  bundleName: 'c***y',
  etsLoaderVersion: '6.0.0.47',
  etsLoaderReleaseType: 'Release',
  aotCompileMode: 'type',
  apPath: 'D:\\HuaweiMoveData\\Users\\18381\\Desktop\\HarmonyOS\\final_project\\List_commodity\\entry\\modules.ap',
  entryModuleName: 'entry',
  entryModuleVersion: '1.0.0',
  entryPackageName: 'entry',
  allModuleNameHash: '46dc69cfbe882dbb4ab08d779a14723b',
  externalApiPaths: [ 'D:\\DevEco Studio2\\sdk\\default\\hms\\ets' ],
  compilerTypes: [],
  isCrossplatform: false,
  hvigorPluginFile: undefined,
  compilePluginPath: undefined,
  buildGeneratedProfilePath: 'D:\\HuaweiMoveData\\Users\\18381\\Desktop\\HarmonyOS\\final_project\\List_commodity\\entry\\build\\default\\generated\\profile\\default',
  bundleType: 'app',
  arkTSVersion: undefined,
  apiVersion: 20,
  needCompleteSourcesMap: false,
  isFaMode: false,
  strictMode: undefined,
  buildDir: 'D:\\HuaweiMoveData\\Users\\18381\\Desktop\\HarmonyOS\\final_project\\List_commodity\\entry\\build',
  deviceTypes: [ 'phone' ],
  useNormalizedOHMUrl: false,
  pkgContextInfo: undefined,
  ohPackagePathMap: {},
  dependencyAliasMap: {},
  permission: { requestPermissions: [ [Object] ], definePermissions: undefined },
  integratedHsp: false,
  projectArkOption: undefined,
  sourceMapDir: undefined,
  branchElimination: false,
  transformLib: undefined,
  caseSensitiveCheck: false,
  tsImportSendable: false,
  resolveConflictMode: true,
  depName2RootPath: {},
  depName2DepInfo: {},
  rootPathSet: [
    'D:\\HuaweiMoveData\\Users\\18381\\Desktop\\HarmonyOS\\final_project\\List_commodity'
  ],
  useNativeResolver: true,
  shouldEmitJs: true,
  useTscResolve: false,
  singleFileEmit: false,
  userProjectConfig: {
    autoLazyImport: false,
    allowEmptyBundleName: false,
    reExportCheckMode: 'noCheck',
    executionMode: 'memory',
    usePathPlaceholder: false,
    writeRollupCache: true,
    isExpandImportEnabled: false,
    expandImportExclude: '',
    ignoreCrossplatformCheck: false,
    isPreloadSoEnabled: false
  },
  skipOhModulesLint: false,
  executionMode: 'memory',
  autoLazyImport: false,
  allowEmptyBundleName: false,
  reExportCheckMode: 'noCheck',
  usePathPlaceholder: false,
  writeRollupCache: true,
  isExpandImportEnabled: false,
  expandImportExclude: '',
  ignoreCrossplatformCheck: false,
  isPreloadSoEnabled: false,
  arkCompileCachePath: 'D:\\HuaweiMoveData\\Users\\18381\\Desktop\\HarmonyOS\\final_project\\List_commodity\\entry\\build\\default\\cache\\default\\default@CompileArkTS\\esmodule',
  aceModuleJsonPath: 'D:\\HuaweiMoveData\\Users\\18381\\Desktop\\HarmonyOS\\final_project\\List_commodity\\entry\\build\\default\\intermediates\\res\\default\\ark_module.json',
  appResource: 'D:\\HuaweiMoveData\\Users\\18381\\Desktop\\HarmonyOS\\final_project\\List_commodity\\entry\\build\\default\\intermediates\\res\\default\\ResourceTable.txt',
  rawFileResource: 'D:\\HuaweiMoveData\\Users\\18381\\Desktop\\HarmonyOS\\final_project\\List_commodity\\entry\\build\\default\\intermediates\\res\\default\\resources\\rawfile',
  resourceTableHash: '4c9d6c58378087054eb0cd42d48e414b',
  runtimeOS: 'HarmonyOS',
  sdkInfo: 'false:20:6.0.0.47:Release',
  aceModuleRoot: 'D:\\HuaweiMoveData\\Users\\18381\\Desktop\\HarmonyOS\\final_project\\List_commodity\\entry\\src\\main\\ets',
  compileMode: 'esmodule',
  aceSuperVisualPath: 'D:\\HuaweiMoveData\\Users\\18381\\Desktop\\HarmonyOS\\final_project\\List_commodity\\entry\\src\\main\\supervisual',
  aceBuildJson: 'D:\\HuaweiMoveData\\Users\\18381\\Desktop\\HarmonyOS\\final_project\\List_commodity\\entry\\build\\default\\intermediates\\loader\\default\\loader.json',
  cachePath: 'D:\\HuaweiMoveData\\Users\\18381\\Desktop\\HarmonyOS\\final_project\\List_commodity\\entry\\build\\default\\cache\\default\\default@CompileArkTS\\esmodule\\debug',
  aceModuleBuild: 'D:\\HuaweiMoveData\\Users\\18381\\Desktop\\HarmonyOS\\final_project\\List_commodity\\entry\\build\\default\\intermediates\\loader_out\\default\\ets',
  supportChunks: true,
  declaredFilesPath: undefined,
  shouldCollectDirectImportees: false,
  isByteCodeHarOptimize: false,
  expandImportPath: undefined,
  pkgNameToPkgBriefInfo: {
    entry: {
      pkgRoot: 'D:\\HuaweiMoveData\\Users\\18381\\Desktop\\HarmonyOS\\final_project\\List_commodity\\entry',
      originalSourceRoots: undefined,
      sourceRoots: [Array],
      pkgName: 'entry'
    }
  },
  projectModel: {
    'D:\\HuaweiMoveData\\Users\\18381\\Desktop\\HarmonyOS\\final_project\\List_commodity\\entry\\src\\main': {
      moduleName: 'entry',
      modulePkgPath: 'D:\\HuaweiMoveData\\Users\\18381\\Desktop\\HarmonyOS\\final_project\\List_commodity\\entry',
      belongProjectPath: 'D:\\HuaweiMoveData\\Users\\18381\\Desktop\\HarmonyOS\\final_project\\List_commodity'
    },
    'D:\\HuaweiMoveData\\Users\\18381\\Desktop\\HarmonyOS\\final_project\\List_commodity\\entry': {
      moduleName: 'entry',
      modulePkgPath: 'D:\\HuaweiMoveData\\Users\\18381\\Desktop\\HarmonyOS\\final_project\\List_commodity\\entry',
      belongProjectPath: 'D:\\HuaweiMoveData\\Users\\18381\\Desktop\\HarmonyOS\\final_project\\List_commodity'
    },
    'D:\\HuaweiMoveData\\Users\\18381\\Desktop\\HarmonyOS\\final_project\\List_commodity': {
      moduleName: 'List_commodity',
      modulePkgPath: 'D:\\HuaweiMoveData\\Users\\18381\\Desktop\\HarmonyOS\\final_project\\List_commodity',
      belongProjectPath: 'D:\\HuaweiMoveData\\Users\\18381\\Desktop\\HarmonyOS\\final_project\\List_commodity'
    }
  },
  pkgJsonFileHash: '73952b0c20fc6d4c363e85190646ec08',
  allModulePaths: [
    'D:\\HuaweiMoveData\\Users\\18381\\Desktop\\HarmonyOS\\final_project\\List_commodity\\entry'
  ],
  routerMap: {},
  obfuscationOptions: undefined,
  byteCodeHarToDependencyKeys: undefined,
  compileBlockPkg: [],
  mockParams: {
    decorator: '@MockSetup',
    packageName: '@ohos/hamock',
    etsSourceRootPath: 'src/main/ets',
    mockConfigPath: undefined,
    mockConfigKey2ModuleInfo: {},
    source2ModuleIdMap: {}
  },
  copyCodeResourceEnable: true,
  copyCodeResourceExcludes: [],
  copyCodeResourceIncludes: undefined,
  uiTransformOptimization: false,
  sdkPath: 'D:/DevEco Studio2/sdk',
  needPreloadSoFileSet: {},
  preloadSoFilePath: 'D:\\HuaweiMoveData\\Users\\18381\\Desktop\\HarmonyOS\\final_project\\List_commodity\\entry\\build\\default\\intermediates\\preload\\default\\preload.json',
  useSourceHash: false,
  localModuleParamMap: {},
  otherPaths: {
    'entry/*': [
      '..\\*',
      '..\\..\\..\\build\\default\\generated\\profile\\default\\*'
    ]
  },
  collectImportersConfig: undefined
}
[2025-11-29T21:12:03.093] [DEBUG] debug-file - Compile arkts with external api path: D:\DevEco Studio2\sdk\default\hms\ets
[2025-11-29T21:12:03.095] [DEBUG] debug-file - default@CompileArkTS work[38] is submitted.
[2025-11-29T21:12:03.095] [DEBUG] debug-file - default@CompileArkTS work[38] is pushed to ready queue.
[2025-11-29T21:12:03.096] [DEBUG] debug-file - A work dispatched to worker[15] failed because unable to get work from ready queue.
[2025-11-29T21:12:03.096] [DEBUG] debug-file - A work dispatched to worker[14] failed because unable to get work from ready queue.
[2025-11-29T21:12:03.096] [DEBUG] debug-file - A work dispatched to worker[13] failed because unable to get work from ready queue.
[2025-11-29T21:12:03.096] [DEBUG] debug-file - A work dispatched to worker[12] failed because unable to get work from ready queue.
[2025-11-29T21:12:03.096] [DEBUG] debug-file - A work dispatched to worker[11] failed because unable to get work from ready queue.
[2025-11-29T21:12:03.096] [DEBUG] debug-file - A work dispatched to worker[10] failed because unable to get work from ready queue.
[2025-11-29T21:12:03.096] [DEBUG] debug-file - A work dispatched to worker[9] failed because unable to get work from ready queue.
[2025-11-29T21:12:03.096] [DEBUG] debug-file - A work dispatched to worker[8] failed because unable to get work from ready queue.
[2025-11-29T21:12:03.096] [DEBUG] debug-file - A work dispatched to worker[7] failed because unable to get work from ready queue.
[2025-11-29T21:12:03.096] [DEBUG] debug-file - A work dispatched to worker[6] failed because unable to get work from ready queue.
[2025-11-29T21:12:03.096] [DEBUG] debug-file - A work dispatched to worker[5] failed because unable to get work from ready queue.
[2025-11-29T21:12:03.096] [DEBUG] debug-file - default@CompileArkTS work[38] has been dispatched to worker[4].
[2025-11-29T21:12:03.097] [DEBUG] debug-file - default@CompileArkTS work[38] is dispatched.
[2025-11-29T21:12:03.097] [DEBUG] debug-file - CopyResources startTime: 493882990135000
[2025-11-29T21:12:03.097] [DEBUG] debug-file - default@CompileArkTS work[39] is submitted.
[2025-11-29T21:12:03.097] [DEBUG] debug-file - default@CompileArkTS work[39] is pushed to ready queue.
[2025-11-29T21:12:03.097] [DEBUG] debug-file - A work dispatched to worker[15] failed because unable to get work from ready queue.
[2025-11-29T21:12:03.097] [DEBUG] debug-file - Create  resident worker with id: 14.
[2025-11-29T21:12:03.099] [DEBUG] debug-file - default@CompileArkTS work[39] has been dispatched to worker[14].
[2025-11-29T21:12:03.099] [DEBUG] debug-file - default@CompileArkTS work[39] is dispatched.
[2025-11-29T21:12:03.099] [DEBUG] debug-file - entry : default@CompileArkTS cost memory -0.4372100830078125
[2025-11-29T21:12:03.102] [DEBUG] debug-file - Executing task :entry:default@BuildJS
[2025-11-29T21:12:03.108] [DEBUG] debug-file - entry : default@BuildJS cost memory 0.13636016845703125
[2025-11-29T21:12:03.108] [DEBUG] debug-file - runTaskFromQueue task cost before running: 551 ms 
[2025-11-29T21:12:03.109] [INFO] debug-file - Finished :entry:default@BuildJS... after 7 ms 
[2025-11-29T21:12:03.111] [DEBUG] debug-file - Executing task :entry:default@CacheNativeLibs
[2025-11-29T21:12:03.113] [DEBUG] debug-file - Task 'entry:default@CacheNativeLibs' cost while wrapping incremental declarations: 1 ms 
[2025-11-29T21:12:03.116] [DEBUG] debug-file - Incremental task entry:default@CacheNativeLibs pre-execution cost: 4 ms .
[2025-11-29T21:12:03.116] [DEBUG] debug-file - entry : default@CacheNativeLibs cost memory 0.10353851318359375
[2025-11-29T21:12:03.117] [INFO] debug-file - UP-TO-DATE :entry:default@CacheNativeLibs...  
[2025-11-29T21:12:05.834] [DEBUG] debug-file - worker[14] has one work done.
[2025-11-29T21:12:05.835] [DEBUG] debug-file - CopyResources is end, endTime: 493885728190700
[2025-11-29T21:12:05.835] [DEBUG] debug-file - default@CompileArkTS work[39] done.
[2025-11-29T21:12:05.835] [DEBUG] debug-file - A work dispatched to worker[14] failed because unable to get work from ready queue.
[2025-11-29T21:12:08.580] [DEBUG] debug-file - worker[4] has one work done.
[2025-11-29T21:12:08.582] [DEBUG] debug-file - default@CompileArkTS work[38] done.
[2025-11-29T21:12:08.582] [DEBUG] debug-file - A work dispatched to worker[4] failed because unable to get work from ready queue.
[2025-11-29T21:12:08.589] [INFO] debug-file - Finished :entry:default@CompileArkTS... after 5 s 528 ms 
[2025-11-29T21:12:08.592] [DEBUG] debug-file - Executing task :entry:default@GeneratePkgModuleJson
[2025-11-29T21:12:08.593] [DEBUG] debug-file - File: 'D:\HuaweiMoveData\Users\18381\Desktop\HarmonyOS\final_project\List_commodity\entry\build\default\intermediates\preload\default\preload.json' from 'preloadSoJsonPath' is not exists, just ignore.
[2025-11-29T21:12:08.593] [DEBUG] debug-file - Task 'entry:default@GeneratePkgModuleJson' cost while wrapping incremental declarations: 2 ms 
[2025-11-29T21:12:08.594] [DEBUG] debug-file - entry:default@GeneratePkgModuleJson is not up-to-date, since the input file 'D:\HuaweiMoveData\Users\18381\Desktop\HarmonyOS\final_project\List_commodity\entry\build\default\intermediates\res\default\module.json' has been changed.
[2025-11-29T21:12:08.595] [DEBUG] debug-file - Incremental task entry:default@GeneratePkgModuleJson pre-execution cost: 2 ms .
[2025-11-29T21:12:08.597] [DEBUG] debug-file - entry : default@GeneratePkgModuleJson cost memory 0.11556243896484375
[2025-11-29T21:12:08.597] [DEBUG] debug-file - runTaskFromQueue task cost before running: 6 s 40 ms 
[2025-11-29T21:12:08.598] [INFO] debug-file - Finished :entry:default@GeneratePkgModuleJson... after 6 ms 
[2025-11-29T21:12:08.600] [DEBUG] debug-file - Executing task :entry:default@ProcessCompiledResources
[2025-11-29T21:12:08.601] [DEBUG] debug-file - File: 'D:\HuaweiMoveData\Users\18381\Desktop\HarmonyOS\final_project\List_commodity\entry\build\default\intermediates\preload\default\preload.json' from 'preloadSoJsonPath' is not exists, just ignore.
[2025-11-29T21:12:08.601] [DEBUG] debug-file - Task 'entry:default@ProcessCompiledResources' cost while wrapping incremental declarations: 1 ms 
[2025-11-29T21:12:08.602] [DEBUG] debug-file - entry : default@ProcessCompiledResources cost memory 0.07204437255859375
[2025-11-29T21:12:08.602] [DEBUG] debug-file - runTaskFromQueue task cost before running: 6 s 45 ms 
[2025-11-29T21:12:08.603] [INFO] debug-file - Finished :entry:default@ProcessCompiledResources... after 2 ms 
[2025-11-29T21:12:08.607] [DEBUG] debug-file - Executing task :entry:default@PackageHap
[2025-11-29T21:12:08.619] [DEBUG] debug-file - entry:default@PackageHap is not up-to-date, since the input file 'D:\HuaweiMoveData\Users\18381\Desktop\HarmonyOS\final_project\List_commodity\entry\build\default\intermediates\res\default\module.json' has been changed.
[2025-11-29T21:12:08.620] [DEBUG] debug-file - Incremental task entry:default@PackageHap pre-execution cost: 9 ms .
[2025-11-29T21:12:08.623] [DEBUG] debug-file - Use tool [D:\DevEco Studio2\sdk\default\openharmony\toolchains\lib\app_packing_tool.jar]
 [
  'java',
  '-Dfile.encoding=GBK',
  '-jar',
  'D:\\DevEco Studio2\\sdk\\default\\openharmony\\toolchains\\lib\\app_packing_tool.jar',
  '--mode',
  'hap',
  '--force',
  'true',
  '--lib-path',
  'D:\\HuaweiMoveData\\Users\\18381\\Desktop\\HarmonyOS\\final_project\\List_commodity\\entry\\build\\default\\intermediates\\stripped_native_libs\\default',
  '--json-path',
  'D:\\HuaweiMoveData\\Users\\18381\\Desktop\\HarmonyOS\\final_project\\List_commodity\\entry\\build\\default\\intermediates\\package\\default\\module.json',
  '--resources-path',
  'D:\\HuaweiMoveData\\Users\\18381\\Desktop\\HarmonyOS\\final_project\\List_commodity\\entry\\build\\default\\intermediates\\res\\default\\resources',
  '--index-path',
  'D:\\HuaweiMoveData\\Users\\18381\\Desktop\\HarmonyOS\\final_project\\List_commodity\\entry\\build\\default\\intermediates\\res\\default\\resources.index',
  '--pack-info-path',
  'D:\\HuaweiMoveData\\Users\\18381\\Desktop\\HarmonyOS\\final_project\\List_commodity\\entry\\build\\default\\outputs\\default\\pack.info',
  '--out-path',
  'D:\\HuaweiMoveData\\Users\\18381\\Desktop\\HarmonyOS\\final_project\\List_commodity\\entry\\build\\default\\outputs\\default\\entry-default-unsigned.hap',
  '--ets-path',
  'D:\\HuaweiMoveData\\Users\\18381\\Desktop\\HarmonyOS\\final_project\\List_commodity\\entry\\build\\default\\intermediates\\loader_out\\default\\ets'
]
[2025-11-29T21:12:08.925] [DEBUG] debug-file - java daemon socket received message:{"code":0,"message":"pack success"}
[2025-11-29T21:12:08.943] [DEBUG] debug-file - entry : default@PackageHap cost memory 0.5401153564453125
[2025-11-29T21:12:08.943] [DEBUG] debug-file - runTaskFromQueue task cost before running: 6 s 386 ms 
[2025-11-29T21:12:08.948] [INFO] debug-file - Finished :entry:default@PackageHap... after 336 ms 
[2025-11-29T21:12:08.952] [DEBUG] debug-file - Executing task :entry:default@PackingCheck
[2025-11-29T21:12:08.986] [DEBUG] debug-file - entry : default@PackingCheck cost memory -1.175811767578125
[2025-11-29T21:12:08.986] [DEBUG] debug-file - runTaskFromQueue task cost before running: 6 s 429 ms 
[2025-11-29T21:12:08.987] [INFO] debug-file - Finished :entry:default@PackingCheck... after 35 ms 
[2025-11-29T21:12:08.990] [DEBUG] debug-file - Executing task :entry:default@SignHap
[2025-11-29T21:12:08.991] [WARN] debug-file - Will skip sign 'hos_hap'. No signingConfigs profile is configured in current project.
             If needed, configure the signingConfigs in D:\HuaweiMoveData\Users\18381\Desktop\HarmonyOS\final_project\List_commodity\build-profile.json5.
[2025-11-29T21:12:08.995] [DEBUG] debug-file - entry:default@SignHap is not up-to-date, since the input file 'D:\HuaweiMoveData\Users\18381\Desktop\HarmonyOS\final_project\List_commodity\entry\build\default\outputs\default\entry-default-unsigned.hap' has been changed.
[2025-11-29T21:12:08.995] [DEBUG] debug-file - Incremental task entry:default@SignHap pre-execution cost: 4 ms .
[2025-11-29T21:12:08.996] [DEBUG] debug-file - entry : default@SignHap cost memory 0.10143280029296875
[2025-11-29T21:12:08.996] [DEBUG] debug-file - runTaskFromQueue task cost before running: 6 s 439 ms 
[2025-11-29T21:12:08.997] [INFO] debug-file - Finished :entry:default@SignHap... after 6 ms 
[2025-11-29T21:12:09.000] [DEBUG] debug-file - Executing task :entry:default@CollectDebugSymbol
[2025-11-29T21:12:09.005] [DEBUG] debug-file - entry : default@CollectDebugSymbol cost memory -0.5459365844726562
[2025-11-29T21:12:09.005] [DEBUG] debug-file - runTaskFromQueue task cost before running: 6 s 448 ms 
[2025-11-29T21:12:09.005] [INFO] debug-file - Finished :entry:default@CollectDebugSymbol... after 6 ms 
[2025-11-29T21:12:09.006] [DEBUG] debug-file - Executing task :entry:assembleHap
[2025-11-29T21:12:09.006] [DEBUG] debug-file - entry : assembleHap cost memory 0.0134735107421875
[2025-11-29T21:12:09.006] [DEBUG] debug-file - runTaskFromQueue task cost before running: 6 s 449 ms 
[2025-11-29T21:12:09.006] [INFO] debug-file - Finished :entry:assembleHap... after 1 ms 
[2025-11-29T21:12:09.031] [INFO] debug-file - BUILD SUCCESSFUL in 6 s 473 ms 
[2025-11-29T21:12:09.031] [DEBUG] debug-file - There is no need to refresh cache, since the incremental task entry:default@PreBuild is up-to-date.
[2025-11-29T21:12:09.031] [DEBUG] debug-file - Update task entry:default@CreateModuleInfo output file:D:\HuaweiMoveData\Users\18381\Desktop\HarmonyOS\final_project\List_commodity\entry\build\default\generated\profile\default\ModuleInfo.ts cache.
[2025-11-29T21:12:09.032] [DEBUG] debug-file - Incremental task entry:default@CreateModuleInfo post-execution cost:1 ms .
[2025-11-29T21:12:09.032] [DEBUG] debug-file - There is no need to refresh cache, since the incremental task entry:default@GenerateMetadata is up-to-date.
[2025-11-29T21:12:09.033] [DEBUG] debug-file - There is no need to refresh cache, since the incremental task entry:default@MergeProfile is up-to-date.
[2025-11-29T21:12:09.033] [DEBUG] debug-file - There is no need to refresh cache, since the incremental task entry:default@CreateBuildProfile is up-to-date.
[2025-11-29T21:12:09.033] [DEBUG] debug-file - Update task entry:default@GeneratePkgContextInfo output file:D:\HuaweiMoveData\Users\18381\Desktop\HarmonyOS\final_project\List_commodity\entry\build\default\intermediates\loader\default\pkgContextInfo.json cache.
[2025-11-29T21:12:09.034] [DEBUG] debug-file - Incremental task entry:default@GeneratePkgContextInfo post-execution cost:1 ms .
[2025-11-29T21:12:09.034] [DEBUG] debug-file - Update task entry:default@ProcessIntegratedHsp output file:D:\HuaweiMoveData\Users\18381\Desktop\HarmonyOS\final_project\List_commodity\build\cache\default\integrated_hsp\integratedHspCache.json cache.
[2025-11-29T21:12:09.035] [DEBUG] debug-file - Incremental task entry:default@ProcessIntegratedHsp post-execution cost:1 ms .
[2025-11-29T21:12:09.035] [DEBUG] debug-file - There is no need to refresh cache, since the incremental task entry:default@MakePackInfo is up-to-date.
[2025-11-29T21:12:09.035] [DEBUG] debug-file - Update task entry:default@SyscapTransform input file:D:\DevEco Studio2\sdk\default\openharmony\toolchains\syscap_tool.exe cache by regenerate.
[2025-11-29T21:12:09.036] [DEBUG] debug-file - Update task entry:default@SyscapTransform input file:D:\DevEco Studio2\sdk\default\openharmony\ets\api\device-define cache by regenerate.
[2025-11-29T21:12:09.042] [DEBUG] debug-file - Update task entry:default@SyscapTransform output file:D:\HuaweiMoveData\Users\18381\Desktop\HarmonyOS\final_project\List_commodity\entry\build\default\intermediates\syscap\default\rpcid.sc cache.
[2025-11-29T21:12:09.042] [DEBUG] debug-file - Incremental task entry:default@SyscapTransform post-execution cost:7 ms .
[2025-11-29T21:12:09.042] [DEBUG] debug-file - There is no need to refresh cache, since the incremental task entry:default@ProcessProfile is up-to-date.
[2025-11-29T21:12:09.043] [DEBUG] debug-file - There is no need to refresh cache, since the incremental task entry:default@ProcessRouterMap is up-to-date.
[2025-11-29T21:12:09.043] [DEBUG] debug-file - There is no need to refresh cache, since the incremental task entry:default@ProcessShareConfig is up-to-date.
[2025-11-29T21:12:09.043] [DEBUG] debug-file - Update task entry:default@ProcessStartupConfig output file:D:\HuaweiMoveData\Users\18381\Desktop\HarmonyOS\final_project\List_commodity\entry\build\default\intermediates\startup\default\startup_config.json cache.
[2025-11-29T21:12:09.043] [DEBUG] debug-file - Incremental task entry:default@ProcessStartupConfig post-execution cost:1 ms .
[2025-11-29T21:12:09.044] [DEBUG] debug-file - There is no need to refresh cache, since the incremental task entry:default@ProcessResource is up-to-date.
[2025-11-29T21:12:09.044] [DEBUG] debug-file - There is no need to refresh cache, since the incremental task entry:default@GenerateLoaderJson is up-to-date.
[2025-11-29T21:12:09.044] [DEBUG] debug-file - There is no need to refresh cache, since the incremental task entry:default@ProcessLibs is up-to-date.
[2025-11-29T21:12:09.044] [DEBUG] debug-file - There is no need to refresh cache, since the incremental task entry:default@CompileResource is up-to-date.
[2025-11-29T21:12:09.044] [DEBUG] debug-file - There is no need to refresh cache, since the incremental task entry:default@DoNativeStrip is up-to-date.
[2025-11-29T21:12:09.047] [DEBUG] debug-file - Update task entry:default@CompileArkTS input file:D:\HuaweiMoveData\Users\18381\Desktop\HarmonyOS\final_project\List_commodity\entry\build\default\intermediates\loader\default cache by regenerate.
[2025-11-29T21:12:09.048] [DEBUG] debug-file - Update task entry:default@CompileArkTS input file:D:\HuaweiMoveData\Users\18381\Desktop\HarmonyOS\final_project\List_commodity\entry\build\default\intermediates\res\default\ResourceTable.txt cache by regenerate.
[2025-11-29T21:12:09.049] [DEBUG] debug-file - Update task entry:default@CompileArkTS input file:D:\HuaweiMoveData\Users\18381\Desktop\HarmonyOS\final_project\List_commodity\entry\build\default\intermediates\res\default\ark_module.json cache by regenerate.
[2025-11-29T21:12:09.049] [DEBUG] debug-file - Update task entry:default@CompileArkTS input file:D:\HuaweiMoveData\Users\18381\Desktop\HarmonyOS\final_project\List_commodity\entry\build\default\intermediates\res\default\resources\base\profile cache by regenerate.
[2025-11-29T21:12:09.051] [DEBUG] debug-file - Update task entry:default@CompileArkTS input file:D:\HuaweiMoveData\Users\18381\Desktop\HarmonyOS\final_project\List_commodity\entry\src\main\ets cache by regenerate.
[2025-11-29T21:12:09.067] [DEBUG] debug-file - Update task entry:default@CompileArkTS input file:D:\HuaweiMoveData\Users\18381\Desktop\HarmonyOS\final_project\List_commodity\entry\build\default\generated\profile\default\BuildProfile.ets cache by regenerate.
[2025-11-29T21:12:09.068] [DEBUG] debug-file - Update task entry:default@CompileArkTS output file:D:\HuaweiMoveData\Users\18381\Desktop\HarmonyOS\final_project\List_commodity\entry\build\default\intermediates\loader_out\default\ets cache.
[2025-11-29T21:12:09.071] [DEBUG] debug-file - Incremental task entry:default@CompileArkTS post-execution cost:27 ms .
[2025-11-29T21:12:09.074] [DEBUG] debug-file - Update task entry:default@BuildJS input file:D:\HuaweiMoveData\Users\18381\Desktop\HarmonyOS\final_project\List_commodity\entry\build\default\intermediates\loader\default cache by regenerate.
[2025-11-29T21:12:09.075] [DEBUG] debug-file - Update task entry:default@BuildJS input file:D:\HuaweiMoveData\Users\18381\Desktop\HarmonyOS\final_project\List_commodity\entry\build\default\intermediates\res\default\ResourceTable.txt cache by regenerate.
[2025-11-29T21:12:09.076] [DEBUG] debug-file - Update task entry:default@BuildJS input file:D:\HuaweiMoveData\Users\18381\Desktop\HarmonyOS\final_project\List_commodity\entry\build\default\intermediates\res\default\ark_module.json cache by regenerate.
[2025-11-29T21:12:09.076] [DEBUG] debug-file - Update task entry:default@BuildJS input file:D:\HuaweiMoveData\Users\18381\Desktop\HarmonyOS\final_project\List_commodity\entry\build\default\intermediates\res\default\resources\base\profile cache by regenerate.
[2025-11-29T21:12:09.078] [DEBUG] debug-file - Update task entry:default@BuildJS output file:D:\HuaweiMoveData\Users\18381\Desktop\HarmonyOS\final_project\List_commodity\entry\build\default\intermediates\loader_out\default\js cache.
[2025-11-29T21:12:09.079] [DEBUG] debug-file - Incremental task entry:default@BuildJS post-execution cost:8 ms .
[2025-11-29T21:12:09.079] [DEBUG] debug-file - There is no need to refresh cache, since the incremental task entry:default@CacheNativeLibs is up-to-date.
[2025-11-29T21:12:09.079] [DEBUG] debug-file - Update task entry:default@GeneratePkgModuleJson input file:D:\HuaweiMoveData\Users\18381\Desktop\HarmonyOS\final_project\List_commodity\entry\build\default\intermediates\res\default\module.json cache from map.
[2025-11-29T21:12:09.080] [DEBUG] debug-file - Update task entry:default@GeneratePkgModuleJson output file:D:\HuaweiMoveData\Users\18381\Desktop\HarmonyOS\final_project\List_commodity\entry\build\default\intermediates\package\default\module.json cache.
[2025-11-29T21:12:09.081] [DEBUG] debug-file - Incremental task entry:default@GeneratePkgModuleJson post-execution cost:2 ms .
[2025-11-29T21:12:09.081] [DEBUG] debug-file - Incremental task entry:default@ProcessCompiledResources post-execution cost:1 ms .
[2025-11-29T21:12:09.084] [DEBUG] debug-file - Update task entry:default@PackageHap input file:D:\HuaweiMoveData\Users\18381\Desktop\HarmonyOS\final_project\List_commodity\entry\build\default\intermediates\stripped_native_libs\default cache by regenerate.
[2025-11-29T21:12:09.086] [DEBUG] debug-file - Update task entry:default@PackageHap input file:D:\HuaweiMoveData\Users\18381\Desktop\HarmonyOS\final_project\List_commodity\entry\build\default\intermediates\res\default\module.json cache from map.
[2025-11-29T21:12:09.086] [DEBUG] debug-file - Update task entry:default@PackageHap input file:D:\HuaweiMoveData\Users\18381\Desktop\HarmonyOS\final_project\List_commodity\entry\build\default\intermediates\res\default\resources cache by regenerate.
[2025-11-29T21:12:09.109] [DEBUG] debug-file - Update task entry:default@PackageHap input file:D:\HuaweiMoveData\Users\18381\Desktop\HarmonyOS\final_project\List_commodity\entry\build\default\intermediates\res\default\resources.index cache by regenerate.
[2025-11-29T21:12:09.109] [DEBUG] debug-file - Update task entry:default@PackageHap input file:D:\HuaweiMoveData\Users\18381\Desktop\HarmonyOS\final_project\List_commodity\entry\build\default\outputs\default\pack.info cache by regenerate.
[2025-11-29T21:12:09.110] [DEBUG] debug-file - Update task entry:default@PackageHap input file:D:\HuaweiMoveData\Users\18381\Desktop\HarmonyOS\final_project\List_commodity\entry\build\default\intermediates\loader_out\default\ets cache by regenerate.
[2025-11-29T21:12:09.113] [DEBUG] debug-file - Update task entry:default@PackageHap input file:D:\HuaweiMoveData\Users\18381\Desktop\HarmonyOS\final_project\List_commodity\entry\build\default\intermediates\loader_out\default\ets\sourceMaps.map cache by regenerate.
[2025-11-29T21:12:09.114] [DEBUG] debug-file - Update task entry:default@PackageHap input file:D:\HuaweiMoveData\Users\18381\Desktop\HarmonyOS\final_project\List_commodity\entry\build\default\generated\profile\default\BuildProfile.ets cache by regenerate.
[2025-11-29T21:12:09.117] [DEBUG] debug-file - Update task entry:default@PackageHap output file:D:\HuaweiMoveData\Users\18381\Desktop\HarmonyOS\final_project\List_commodity\entry\build\default\outputs\default\entry-default-unsigned.hap cache.
[2025-11-29T21:12:09.118] [DEBUG] debug-file - Update task entry:default@PackageHap output file:D:\HuaweiMoveData\Users\18381\Desktop\HarmonyOS\final_project\List_commodity\entry\build\default\intermediates\source_map\default\sourceMaps.map cache.
[2025-11-29T21:12:09.119] [DEBUG] debug-file - Update task entry:default@PackageHap output file:D:\HuaweiMoveData\Users\18381\Desktop\HarmonyOS\final_project\List_commodity\entry\build\default\outputs\default\mapping\sourceMaps.map cache.
[2025-11-29T21:12:09.121] [DEBUG] debug-file - Incremental task entry:default@PackageHap post-execution cost:40 ms .
[2025-11-29T21:12:09.122] [DEBUG] debug-file - Update task entry:default@SignHap input file:D:\HuaweiMoveData\Users\18381\Desktop\HarmonyOS\final_project\List_commodity\entry\build\default\outputs\default\entry-default-unsigned.hap cache from map.
[2025-11-29T21:12:09.123] [DEBUG] debug-file - Update task entry:default@SignHap output file:D:\HuaweiMoveData\Users\18381\Desktop\HarmonyOS\final_project\List_commodity\entry\build\default\outputs\default\entry-default-signed.hap cache.
[2025-11-29T21:12:09.124] [DEBUG] debug-file - Incremental task entry:default@SignHap post-execution cost:3 ms .
[2025-11-29T21:12:09.126] [DEBUG] debug-file - Update task entry:default@CollectDebugSymbol input file:D:\HuaweiMoveData\Users\18381\Desktop\HarmonyOS\final_project\List_commodity\entry\build\default\intermediates\loader_out\default\ets\sourceMaps.map cache by regenerate.
[2025-11-29T21:12:09.127] [DEBUG] debug-file - Update task entry:default@CollectDebugSymbol input file:D:\HuaweiMoveData\Users\18381\Desktop\HarmonyOS\final_project\List_commodity\entry\build\default\intermediates\libs\default cache by regenerate.
[2025-11-29T21:12:09.129] [DEBUG] debug-file - Update task entry:default@CollectDebugSymbol output file:D:\HuaweiMoveData\Users\18381\Desktop\HarmonyOS\final_project\List_commodity\entry\build\default\outputs\default\symbol cache.
[2025-11-29T21:12:09.129] [DEBUG] debug-file - Incremental task entry:default@CollectDebugSymbol post-execution cost:6 ms .
[2025-11-29T21:12:09.203] [DEBUG] debug-file - Cleanup worker 14.
[2025-11-29T21:12:09.204] [DEBUG] debug-file - Worker 14 has been cleaned up.
[2025-11-29T21:12:09.204] [DEBUG] debug-file - Current idle worker size: 1.
[2025-11-29T21:12:09.204] [DEBUG] debug-file - Current resident worker size: 2.
[2025-11-29T21:12:09.206] [DEBUG] debug-file - hvigor build process will be closed.
[2025-11-29T21:12:09.207] [DEBUG] debug-file - java daemon socket close code:1000 reason:close by user
[2025-11-29T21:12:09.226] [DEBUG] debug-file - worker[14] exits with exit code 1.
[2025-11-29T21:12:09.238] [DEBUG] debug-file - session manager: send message to worker process.
[2025-11-29T21:12:09.239] [DEBUG] debug-file - session manager: send message to worker process.
[2025-11-29T21:12:09.237] [DEBUG] debug-file - watch worker: worker id should be larger than 0. Nothing will be sent to any worker thread.
[2025-11-29T21:12:09.239] [DEBUG] debug-file - watch worker: worker id should be larger than 0. Nothing will be sent to any worker thread.
